<?xml version="1.0" encoding="UTF-8"?>
<testsuite name="com.chongin12.practice.springboot.domain.posts.PostsRepositoryTest" tests="1" skipped="0" failures="0" errors="0" timestamp="2021-04-15T14:20:26" hostname="W44365" time="0.393">
  <properties/>
  <testcase name="loadContentSaving" classname="com.chongin12.practice.springboot.domain.posts.PostsRepositoryTest" time="0.393"/>
  <system-out><![CDATA[23:20:22.065 [Test worker] DEBUG org.springframework.test.context.junit4.SpringJUnit4ClassRunner - SpringJUnit4ClassRunner constructor called with [class com.chongin12.practice.springboot.domain.posts.PostsRepositoryTest]
23:20:22.073 [Test worker] DEBUG org.springframework.test.context.BootstrapUtils - Instantiating CacheAwareContextLoaderDelegate from class [org.springframework.test.context.cache.DefaultCacheAwareContextLoaderDelegate]
23:20:22.082 [Test worker] DEBUG org.springframework.test.context.BootstrapUtils - Instantiating BootstrapContext using constructor [public org.springframework.test.context.support.DefaultBootstrapContext(java.lang.Class,org.springframework.test.context.CacheAwareContextLoaderDelegate)]
23:20:22.100 [Test worker] DEBUG org.springframework.test.context.BootstrapUtils - Instantiating TestContextBootstrapper for test class [com.chongin12.practice.springboot.domain.posts.PostsRepositoryTest] from class [org.springframework.boot.test.context.SpringBootTestContextBootstrapper]
23:20:22.111 [Test worker] INFO org.springframework.boot.test.context.SpringBootTestContextBootstrapper - Neither @ContextConfiguration nor @ContextHierarchy found for test class [com.chongin12.practice.springboot.domain.posts.PostsRepositoryTest], using SpringBootContextLoader
23:20:22.114 [Test worker] DEBUG org.springframework.test.context.support.AbstractContextLoader - Did not detect default resource location for test class [com.chongin12.practice.springboot.domain.posts.PostsRepositoryTest]: class path resource [com/chongin12/practice/springboot/domain/posts/PostsRepositoryTest-context.xml] does not exist
23:20:22.115 [Test worker] DEBUG org.springframework.test.context.support.AbstractContextLoader - Did not detect default resource location for test class [com.chongin12.practice.springboot.domain.posts.PostsRepositoryTest]: class path resource [com/chongin12/practice/springboot/domain/posts/PostsRepositoryTestContext.groovy] does not exist
23:20:22.115 [Test worker] INFO org.springframework.test.context.support.AbstractContextLoader - Could not detect default resource locations for test class [com.chongin12.practice.springboot.domain.posts.PostsRepositoryTest]: no resource found for suffixes {-context.xml, Context.groovy}.
23:20:22.116 [Test worker] INFO org.springframework.test.context.support.AnnotationConfigContextLoaderUtils - Could not detect default configuration classes for test class [com.chongin12.practice.springboot.domain.posts.PostsRepositoryTest]: PostsRepositoryTest does not declare any static, non-private, non-final, nested classes annotated with @Configuration.
23:20:22.152 [Test worker] DEBUG org.springframework.test.context.support.ActiveProfilesUtils - Could not find an 'annotation declaring class' for annotation type [org.springframework.test.context.ActiveProfiles] and class [com.chongin12.practice.springboot.domain.posts.PostsRepositoryTest]
23:20:22.215 [Test worker] DEBUG org.springframework.context.annotation.ClassPathScanningCandidateComponentProvider - Identified candidate component class: file [C:\Users\W44365\IdeaProjects\chongin12-springBoot-webservice-practice\build\classes\java\main\com\chongin12\practice\springboot\Application.class]
23:20:22.216 [Test worker] INFO org.springframework.boot.test.context.SpringBootTestContextBootstrapper - Found @SpringBootConfiguration com.chongin12.practice.springboot.Application for test class com.chongin12.practice.springboot.domain.posts.PostsRepositoryTest
23:20:22.300 [Test worker] DEBUG org.springframework.boot.test.context.SpringBootTestContextBootstrapper - @TestExecutionListeners is not present for class [com.chongin12.practice.springboot.domain.posts.PostsRepositoryTest]: using defaults.
23:20:22.301 [Test worker] INFO org.springframework.boot.test.context.SpringBootTestContextBootstrapper - Loaded default TestExecutionListener class names from location [META-INF/spring.factories]: [org.springframework.boot.test.autoconfigure.restdocs.RestDocsTestExecutionListener, org.springframework.boot.test.autoconfigure.web.client.MockRestServiceServerResetTestExecutionListener, org.springframework.boot.test.autoconfigure.web.servlet.MockMvcPrintOnlyOnFailureTestExecutionListener, org.springframework.boot.test.autoconfigure.web.servlet.WebDriverTestExecutionListener, org.springframework.boot.test.mock.mockito.MockitoTestExecutionListener, org.springframework.boot.test.mock.mockito.ResetMocksTestExecutionListener, org.springframework.test.context.web.ServletTestExecutionListener, org.springframework.test.context.support.DirtiesContextBeforeModesTestExecutionListener, org.springframework.test.context.support.DependencyInjectionTestExecutionListener, org.springframework.test.context.support.DirtiesContextTestExecutionListener, org.springframework.test.context.transaction.TransactionalTestExecutionListener, org.springframework.test.context.jdbc.SqlScriptsTestExecutionListener]
23:20:22.317 [Test worker] INFO org.springframework.boot.test.context.SpringBootTestContextBootstrapper - Using TestExecutionListeners: [org.springframework.test.context.web.ServletTestExecutionListener@172311df, org.springframework.test.context.support.DirtiesContextBeforeModesTestExecutionListener@27273e10, org.springframework.boot.test.mock.mockito.MockitoTestExecutionListener@270a107, org.springframework.boot.test.autoconfigure.SpringBootDependencyInjectionTestExecutionListener@525866af, org.springframework.test.context.support.DirtiesContextTestExecutionListener@5dfa38d2, org.springframework.test.context.transaction.TransactionalTestExecutionListener@43334ac3, org.springframework.test.context.jdbc.SqlScriptsTestExecutionListener@44ccb33b, org.springframework.boot.test.autoconfigure.restdocs.RestDocsTestExecutionListener@55b0c813, org.springframework.boot.test.autoconfigure.web.client.MockRestServiceServerResetTestExecutionListener@598056df, org.springframework.boot.test.autoconfigure.web.servlet.MockMvcPrintOnlyOnFailureTestExecutionListener@bc6a7e, org.springframework.boot.test.autoconfigure.web.servlet.WebDriverTestExecutionListener@21c85439, org.springframework.boot.test.mock.mockito.ResetMocksTestExecutionListener@72ebf043]
23:20:22.320 [Test worker] DEBUG org.springframework.test.annotation.ProfileValueUtils - Retrieved @ProfileValueSourceConfiguration [null] for test class [com.chongin12.practice.springboot.domain.posts.PostsRepositoryTest]
23:20:22.320 [Test worker] DEBUG org.springframework.test.annotation.ProfileValueUtils - Retrieved ProfileValueSource type [class org.springframework.test.annotation.SystemProfileValueSource] for class [com.chongin12.practice.springboot.domain.posts.PostsRepositoryTest]
23:20:22.323 [Test worker] DEBUG org.springframework.test.annotation.ProfileValueUtils - Retrieved @ProfileValueSourceConfiguration [null] for test class [com.chongin12.practice.springboot.domain.posts.PostsRepositoryTest]
23:20:22.323 [Test worker] DEBUG org.springframework.test.annotation.ProfileValueUtils - Retrieved ProfileValueSource type [class org.springframework.test.annotation.SystemProfileValueSource] for class [com.chongin12.practice.springboot.domain.posts.PostsRepositoryTest]
23:20:22.323 [Test worker] DEBUG org.springframework.test.annotation.ProfileValueUtils - Retrieved @ProfileValueSourceConfiguration [null] for test class [com.chongin12.practice.springboot.domain.posts.PostsRepositoryTest]
23:20:22.323 [Test worker] DEBUG org.springframework.test.annotation.ProfileValueUtils - Retrieved ProfileValueSource type [class org.springframework.test.annotation.SystemProfileValueSource] for class [com.chongin12.practice.springboot.domain.posts.PostsRepositoryTest]
23:20:22.326 [Test worker] DEBUG org.springframework.test.context.support.AbstractDirtiesContextTestExecutionListener - Before test class: context [DefaultTestContext@5b6a732d testClass = PostsRepositoryTest, testInstance = [null], testMethod = [null], testException = [null], mergedContextConfiguration = [WebMergedContextConfiguration@a2dcbac testClass = PostsRepositoryTest, locations = '{}', classes = '{class com.chongin12.practice.springboot.Application}', contextInitializerClasses = '[]', activeProfiles = '{}', propertySourceLocations = '{}', propertySourceProperties = '{org.springframework.boot.test.context.SpringBootTestContextBootstrapper=true}', contextCustomizers = set[org.springframework.boot.test.autoconfigure.properties.PropertyMappingContextCustomizer@0, org.springframework.boot.test.autoconfigure.web.servlet.WebDriverContextCustomizerFactory$Customizer@2777c9f1, org.springframework.boot.test.context.filter.ExcludeFilterContextCustomizer@1ba22650, org.springframework.boot.test.json.DuplicateJsonObjectContextCustomizerFactory$DuplicateJsonObjectContextCustomizer@27382c05, org.springframework.boot.test.mock.mockito.MockitoContextCustomizer@0, org.springframework.boot.test.web.client.TestRestTemplateContextCustomizer@67e7a631], resourceBasePath = 'src/main/webapp', contextLoader = 'org.springframework.boot.test.context.SpringBootContextLoader', parent = [null]], attributes = map['org.springframework.test.context.web.ServletTestExecutionListener.activateListener' -> true]], class annotated with @DirtiesContext [false] with mode [null].
23:20:22.327 [Test worker] DEBUG org.springframework.test.annotation.ProfileValueUtils - Retrieved @ProfileValueSourceConfiguration [null] for test class [com.chongin12.practice.springboot.domain.posts.PostsRepositoryTest]
23:20:22.327 [Test worker] DEBUG org.springframework.test.annotation.ProfileValueUtils - Retrieved ProfileValueSource type [class org.springframework.test.annotation.SystemProfileValueSource] for class [com.chongin12.practice.springboot.domain.posts.PostsRepositoryTest]
23:20:22.344 [Test worker] DEBUG org.springframework.test.context.support.TestPropertySourceUtils - Adding inlined properties to environment: {spring.jmx.enabled=false, org.springframework.boot.test.context.SpringBootTestContextBootstrapper=true, server.port=-1}

  .   ____          _            __ _ _
 /\\ / ___'_ __ _ _(_)_ __  __ _ \ \ \ \
( ( )\___ | '_ | '_| | '_ \/ _` | \ \ \ \
 \\/  ___)| |_)| | | | | || (_| |  ) ) ) )
  '  |____| .__|_| |_|_| |_\__, | / / / /
 =========|_|==============|___/=/_/_/_/
 :: Spring Boot ::        (v2.1.7.RELEASE)

2021-04-15 23:20:22.564  INFO 10528 --- [    Test worker] c.c.p.s.d.posts.PostsRepositoryTest      : Starting PostsRepositoryTest on W44365 with PID 10528 (started by W44365 in C:\Users\W44365\IdeaProjects\chongin12-springBoot-webservice-practice)
2021-04-15 23:20:22.565  INFO 10528 --- [    Test worker] c.c.p.s.d.posts.PostsRepositoryTest      : No active profile set, falling back to default profiles: default
2021-04-15 23:20:23.230  INFO 10528 --- [    Test worker] .s.d.r.c.RepositoryConfigurationDelegate : Bootstrapping Spring Data repositories in DEFAULT mode.
2021-04-15 23:20:23.321  INFO 10528 --- [    Test worker] .s.d.r.c.RepositoryConfigurationDelegate : Finished Spring Data repository scanning in 77ms. Found 1 repository interfaces.
2021-04-15 23:20:23.675  INFO 10528 --- [    Test worker] trationDelegate$BeanPostProcessorChecker : Bean 'org.springframework.transaction.annotation.ProxyTransactionManagementConfiguration' of type [org.springframework.transaction.annotation.ProxyTransactionManagementConfiguration$$EnhancerBySpringCGLIB$$f9450dc3] is not eligible for getting processed by all BeanPostProcessors (for example: not eligible for auto-proxying)
2021-04-15 23:20:23.867  INFO 10528 --- [    Test worker] com.zaxxer.hikari.HikariDataSource       : HikariPool-1 - Starting...
2021-04-15 23:20:24.088  INFO 10528 --- [    Test worker] com.zaxxer.hikari.HikariDataSource       : HikariPool-1 - Start completed.
2021-04-15 23:20:24.245  INFO 10528 --- [    Test worker] o.hibernate.jpa.internal.util.LogHelper  : HHH000204: Processing PersistenceUnitInfo [
	name: default
	...]
2021-04-15 23:20:24.359  INFO 10528 --- [    Test worker] org.hibernate.Version                    : HHH000412: Hibernate Core {5.3.10.Final}
2021-04-15 23:20:24.361  INFO 10528 --- [    Test worker] org.hibernate.cfg.Environment            : HHH000206: hibernate.properties not found
2021-04-15 23:20:24.549  INFO 10528 --- [    Test worker] o.hibernate.annotations.common.Version   : HCANN000001: Hibernate Commons Annotations {5.0.4.Final}
2021-04-15 23:20:24.732  INFO 10528 --- [    Test worker] org.hibernate.dialect.Dialect            : HHH000400: Using dialect: org.hibernate.dialect.MySQL5InnoDBDialect
2021-04-15 23:20:25.404  INFO 10528 --- [    Test worker] o.h.t.schema.internal.SchemaCreatorImpl  : HHH000476: Executing import script 'org.hibernate.tool.schema.internal.exec.ScriptSourceInputNonExistentImpl@1963e91d'
2021-04-15 23:20:25.408  INFO 10528 --- [    Test worker] j.LocalContainerEntityManagerFactoryBean : Initialized JPA EntityManagerFactory for persistence unit 'default'
2021-04-15 23:20:26.354  INFO 10528 --- [    Test worker] o.s.s.concurrent.ThreadPoolTaskExecutor  : Initializing ExecutorService 'applicationTaskExecutor'
2021-04-15 23:20:26.411  WARN 10528 --- [    Test worker] aWebConfiguration$JpaWebMvcConfiguration : spring.jpa.open-in-view is enabled by default. Therefore, database queries may be performed during view rendering. Explicitly configure spring.jpa.open-in-view to disable this warning
2021-04-15 23:20:26.756  INFO 10528 --- [    Test worker] c.c.p.s.d.posts.PostsRepositoryTest      : Started PostsRepositoryTest in 4.402 seconds (JVM running for 5.221)
2021-04-15 23:20:27.005  INFO 10528 --- [    Test worker] o.h.h.i.QueryTranslatorFactoryInitiator  : HHH000397: Using ASTQueryTranslatorFactory
]]></system-out>
  <system-err><![CDATA[]]></system-err>
</testsuite>
