<?xml version="1.0" encoding="UTF-8"?>
<testsuite name="com.chongin12.practice.springboot.web.PostsApiControllerTest" tests="1" skipped="0" failures="0" errors="0" timestamp="2021-04-17T14:23:11" hostname="W44352" time="0.689">
  <properties/>
  <testcase name="editPosts" classname="com.chongin12.practice.springboot.web.PostsApiControllerTest" time="0.689"/>
  <system-out><![CDATA[23:23:05.086 [Test worker] DEBUG org.springframework.test.context.junit4.SpringJUnit4ClassRunner - SpringJUnit4ClassRunner constructor called with [class com.chongin12.practice.springboot.web.PostsApiControllerTest]
23:23:05.100 [Test worker] DEBUG org.springframework.test.context.BootstrapUtils - Instantiating CacheAwareContextLoaderDelegate from class [org.springframework.test.context.cache.DefaultCacheAwareContextLoaderDelegate]
23:23:05.112 [Test worker] DEBUG org.springframework.test.context.BootstrapUtils - Instantiating BootstrapContext using constructor [public org.springframework.test.context.support.DefaultBootstrapContext(java.lang.Class,org.springframework.test.context.CacheAwareContextLoaderDelegate)]
23:23:05.143 [Test worker] DEBUG org.springframework.test.context.BootstrapUtils - Instantiating TestContextBootstrapper for test class [com.chongin12.practice.springboot.web.PostsApiControllerTest] from class [org.springframework.boot.test.context.SpringBootTestContextBootstrapper]
23:23:05.155 [Test worker] INFO org.springframework.boot.test.context.SpringBootTestContextBootstrapper - Neither @ContextConfiguration nor @ContextHierarchy found for test class [com.chongin12.practice.springboot.web.PostsApiControllerTest], using SpringBootContextLoader
23:23:05.158 [Test worker] DEBUG org.springframework.test.context.support.AbstractContextLoader - Did not detect default resource location for test class [com.chongin12.practice.springboot.web.PostsApiControllerTest]: class path resource [com/chongin12/practice/springboot/web/PostsApiControllerTest-context.xml] does not exist
23:23:05.158 [Test worker] DEBUG org.springframework.test.context.support.AbstractContextLoader - Did not detect default resource location for test class [com.chongin12.practice.springboot.web.PostsApiControllerTest]: class path resource [com/chongin12/practice/springboot/web/PostsApiControllerTestContext.groovy] does not exist
23:23:05.158 [Test worker] INFO org.springframework.test.context.support.AbstractContextLoader - Could not detect default resource locations for test class [com.chongin12.practice.springboot.web.PostsApiControllerTest]: no resource found for suffixes {-context.xml, Context.groovy}.
23:23:05.159 [Test worker] INFO org.springframework.test.context.support.AnnotationConfigContextLoaderUtils - Could not detect default configuration classes for test class [com.chongin12.practice.springboot.web.PostsApiControllerTest]: PostsApiControllerTest does not declare any static, non-private, non-final, nested classes annotated with @Configuration.
23:23:05.201 [Test worker] DEBUG org.springframework.test.context.support.ActiveProfilesUtils - Could not find an 'annotation declaring class' for annotation type [org.springframework.test.context.ActiveProfiles] and class [com.chongin12.practice.springboot.web.PostsApiControllerTest]
23:23:05.318 [Test worker] DEBUG org.springframework.context.annotation.ClassPathScanningCandidateComponentProvider - Identified candidate component class: file [C:\Users\W44352\IdeaProjects\chongin12-springBoot-webservice-practice\build\classes\java\main\com\chongin12\practice\springboot\Application.class]
23:23:05.319 [Test worker] INFO org.springframework.boot.test.context.SpringBootTestContextBootstrapper - Found @SpringBootConfiguration com.chongin12.practice.springboot.Application for test class com.chongin12.practice.springboot.web.PostsApiControllerTest
23:23:05.438 [Test worker] DEBUG org.springframework.boot.test.context.SpringBootTestContextBootstrapper - @TestExecutionListeners is not present for class [com.chongin12.practice.springboot.web.PostsApiControllerTest]: using defaults.
23:23:05.439 [Test worker] INFO org.springframework.boot.test.context.SpringBootTestContextBootstrapper - Loaded default TestExecutionListener class names from location [META-INF/spring.factories]: [org.springframework.boot.test.autoconfigure.restdocs.RestDocsTestExecutionListener, org.springframework.boot.test.autoconfigure.web.client.MockRestServiceServerResetTestExecutionListener, org.springframework.boot.test.autoconfigure.web.servlet.MockMvcPrintOnlyOnFailureTestExecutionListener, org.springframework.boot.test.autoconfigure.web.servlet.WebDriverTestExecutionListener, org.springframework.boot.test.mock.mockito.MockitoTestExecutionListener, org.springframework.boot.test.mock.mockito.ResetMocksTestExecutionListener, org.springframework.test.context.web.ServletTestExecutionListener, org.springframework.test.context.support.DirtiesContextBeforeModesTestExecutionListener, org.springframework.test.context.support.DependencyInjectionTestExecutionListener, org.springframework.test.context.support.DirtiesContextTestExecutionListener, org.springframework.test.context.transaction.TransactionalTestExecutionListener, org.springframework.test.context.jdbc.SqlScriptsTestExecutionListener]
23:23:05.456 [Test worker] INFO org.springframework.boot.test.context.SpringBootTestContextBootstrapper - Using TestExecutionListeners: [org.springframework.test.context.web.ServletTestExecutionListener@3ea77c3b, org.springframework.test.context.support.DirtiesContextBeforeModesTestExecutionListener@2421d6cc, org.springframework.boot.test.mock.mockito.MockitoTestExecutionListener@79ccbeee, org.springframework.boot.test.autoconfigure.SpringBootDependencyInjectionTestExecutionListener@2269a581, org.springframework.test.context.support.DirtiesContextTestExecutionListener@27aa4353, org.springframework.test.context.transaction.TransactionalTestExecutionListener@d9776dc, org.springframework.test.context.jdbc.SqlScriptsTestExecutionListener@11b0824e, org.springframework.boot.test.autoconfigure.restdocs.RestDocsTestExecutionListener@7e9a6854, org.springframework.boot.test.autoconfigure.web.client.MockRestServiceServerResetTestExecutionListener@bdf0c0f, org.springframework.boot.test.autoconfigure.web.servlet.MockMvcPrintOnlyOnFailureTestExecutionListener@3d48aa3e, org.springframework.boot.test.autoconfigure.web.servlet.WebDriverTestExecutionListener@287ffd2b, org.springframework.boot.test.mock.mockito.ResetMocksTestExecutionListener@50af8b8]
23:23:05.459 [Test worker] DEBUG org.springframework.test.annotation.ProfileValueUtils - Retrieved @ProfileValueSourceConfiguration [null] for test class [com.chongin12.practice.springboot.web.PostsApiControllerTest]
23:23:05.460 [Test worker] DEBUG org.springframework.test.annotation.ProfileValueUtils - Retrieved ProfileValueSource type [class org.springframework.test.annotation.SystemProfileValueSource] for class [com.chongin12.practice.springboot.web.PostsApiControllerTest]
23:23:05.463 [Test worker] DEBUG org.springframework.test.annotation.ProfileValueUtils - Retrieved @ProfileValueSourceConfiguration [null] for test class [com.chongin12.practice.springboot.web.PostsApiControllerTest]
23:23:05.463 [Test worker] DEBUG org.springframework.test.annotation.ProfileValueUtils - Retrieved ProfileValueSource type [class org.springframework.test.annotation.SystemProfileValueSource] for class [com.chongin12.practice.springboot.web.PostsApiControllerTest]
23:23:05.463 [Test worker] DEBUG org.springframework.test.annotation.ProfileValueUtils - Retrieved @ProfileValueSourceConfiguration [null] for test class [com.chongin12.practice.springboot.web.PostsApiControllerTest]
23:23:05.463 [Test worker] DEBUG org.springframework.test.annotation.ProfileValueUtils - Retrieved ProfileValueSource type [class org.springframework.test.annotation.SystemProfileValueSource] for class [com.chongin12.practice.springboot.web.PostsApiControllerTest]
23:23:05.468 [Test worker] DEBUG org.springframework.test.context.support.AbstractDirtiesContextTestExecutionListener - Before test class: context [DefaultTestContext@7e3900b testClass = PostsApiControllerTest, testInstance = [null], testMethod = [null], testException = [null], mergedContextConfiguration = [WebMergedContextConfiguration@50325a2a testClass = PostsApiControllerTest, locations = '{}', classes = '{class com.chongin12.practice.springboot.Application}', contextInitializerClasses = '[]', activeProfiles = '{}', propertySourceLocations = '{}', propertySourceProperties = '{org.springframework.boot.test.context.SpringBootTestContextBootstrapper=true, server.port=0}', contextCustomizers = set[org.springframework.boot.test.autoconfigure.properties.PropertyMappingContextCustomizer@0, org.springframework.boot.test.autoconfigure.web.servlet.WebDriverContextCustomizerFactory$Customizer@4de95a6f, org.springframework.boot.test.context.filter.ExcludeFilterContextCustomizer@7c087e36, org.springframework.boot.test.json.DuplicateJsonObjectContextCustomizerFactory$DuplicateJsonObjectContextCustomizer@129ea372, org.springframework.boot.test.mock.mockito.MockitoContextCustomizer@0, org.springframework.boot.test.web.client.TestRestTemplateContextCustomizer@36b3e7d3], resourceBasePath = 'src/main/webapp', contextLoader = 'org.springframework.boot.test.context.SpringBootContextLoader', parent = [null]], attributes = map['org.springframework.test.context.web.ServletTestExecutionListener.activateListener' -> false]], class annotated with @DirtiesContext [false] with mode [null].
23:23:05.469 [Test worker] DEBUG org.springframework.test.annotation.ProfileValueUtils - Retrieved @ProfileValueSourceConfiguration [null] for test class [com.chongin12.practice.springboot.web.PostsApiControllerTest]
23:23:05.470 [Test worker] DEBUG org.springframework.test.annotation.ProfileValueUtils - Retrieved ProfileValueSource type [class org.springframework.test.annotation.SystemProfileValueSource] for class [com.chongin12.practice.springboot.web.PostsApiControllerTest]
23:23:05.477 [Test worker] DEBUG org.springframework.test.context.support.DependencyInjectionTestExecutionListener - Performing dependency injection for test context [[DefaultTestContext@7e3900b testClass = PostsApiControllerTest, testInstance = com.chongin12.practice.springboot.web.PostsApiControllerTest@65d85f28, testMethod = [null], testException = [null], mergedContextConfiguration = [WebMergedContextConfiguration@50325a2a testClass = PostsApiControllerTest, locations = '{}', classes = '{class com.chongin12.practice.springboot.Application}', contextInitializerClasses = '[]', activeProfiles = '{}', propertySourceLocations = '{}', propertySourceProperties = '{org.springframework.boot.test.context.SpringBootTestContextBootstrapper=true, server.port=0}', contextCustomizers = set[org.springframework.boot.test.autoconfigure.properties.PropertyMappingContextCustomizer@0, org.springframework.boot.test.autoconfigure.web.servlet.WebDriverContextCustomizerFactory$Customizer@4de95a6f, org.springframework.boot.test.context.filter.ExcludeFilterContextCustomizer@7c087e36, org.springframework.boot.test.json.DuplicateJsonObjectContextCustomizerFactory$DuplicateJsonObjectContextCustomizer@129ea372, org.springframework.boot.test.mock.mockito.MockitoContextCustomizer@0, org.springframework.boot.test.web.client.TestRestTemplateContextCustomizer@36b3e7d3], resourceBasePath = 'src/main/webapp', contextLoader = 'org.springframework.boot.test.context.SpringBootContextLoader', parent = [null]], attributes = map['org.springframework.test.context.web.ServletTestExecutionListener.activateListener' -> false]]].
23:23:05.499 [Test worker] DEBUG org.springframework.test.context.support.TestPropertySourceUtils - Adding inlined properties to environment: {spring.jmx.enabled=false, org.springframework.boot.test.context.SpringBootTestContextBootstrapper=true, server.port=0}

  .   ____          _            __ _ _
 /\\ / ___'_ __ _ _(_)_ __  __ _ \ \ \ \
( ( )\___ | '_ | '_| | '_ \/ _` | \ \ \ \
 \\/  ___)| |_)| | | | | || (_| |  ) ) ) )
  '  |____| .__|_| |_|_| |_\__, | / / / /
 =========|_|==============|___/=/_/_/_/
 :: Spring Boot ::        (v2.1.7.RELEASE)

2021-04-17 23:23:05.806  INFO 9960 --- [    Test worker] c.c.p.s.web.PostsApiControllerTest       : Starting PostsApiControllerTest on W44352 with PID 9960 (started by W44352 in C:\Users\W44352\IdeaProjects\chongin12-springBoot-webservice-practice)
2021-04-17 23:23:05.807  INFO 9960 --- [    Test worker] c.c.p.s.web.PostsApiControllerTest       : No active profile set, falling back to default profiles: default
2021-04-17 23:23:06.695  INFO 9960 --- [    Test worker] .s.d.r.c.RepositoryConfigurationDelegate : Bootstrapping Spring Data repositories in DEFAULT mode.
2021-04-17 23:23:06.762  INFO 9960 --- [    Test worker] .s.d.r.c.RepositoryConfigurationDelegate : Finished Spring Data repository scanning in 59ms. Found 1 repository interfaces.
2021-04-17 23:23:07.122  INFO 9960 --- [    Test worker] trationDelegate$BeanPostProcessorChecker : Bean 'org.springframework.transaction.annotation.ProxyTransactionManagementConfiguration' of type [org.springframework.transaction.annotation.ProxyTransactionManagementConfiguration$$EnhancerBySpringCGLIB$$8efc81af] is not eligible for getting processed by all BeanPostProcessors (for example: not eligible for auto-proxying)
2021-04-17 23:23:07.572  INFO 9960 --- [    Test worker] o.s.b.w.embedded.tomcat.TomcatWebServer  : Tomcat initialized with port(s): 0 (http)
2021-04-17 23:23:07.626  INFO 9960 --- [    Test worker] o.apache.catalina.core.StandardService   : Starting service [Tomcat]
2021-04-17 23:23:07.626  INFO 9960 --- [    Test worker] org.apache.catalina.core.StandardEngine  : Starting Servlet engine: [Apache Tomcat/9.0.22]
2021-04-17 23:23:07.881  INFO 9960 --- [    Test worker] o.a.c.c.C.[Tomcat].[localhost].[/]       : Initializing Spring embedded WebApplicationContext
2021-04-17 23:23:07.882  INFO 9960 --- [    Test worker] o.s.web.context.ContextLoader            : Root WebApplicationContext: initialization completed in 2055 ms
2021-04-17 23:23:08.159  INFO 9960 --- [    Test worker] com.zaxxer.hikari.HikariDataSource       : HikariPool-1 - Starting...
2021-04-17 23:23:08.322  INFO 9960 --- [    Test worker] com.zaxxer.hikari.HikariDataSource       : HikariPool-1 - Start completed.
2021-04-17 23:23:08.488  INFO 9960 --- [    Test worker] o.hibernate.jpa.internal.util.LogHelper  : HHH000204: Processing PersistenceUnitInfo [
	name: default
	...]
2021-04-17 23:23:08.665  INFO 9960 --- [    Test worker] org.hibernate.Version                    : HHH000412: Hibernate Core {5.3.10.Final}
2021-04-17 23:23:08.668  INFO 9960 --- [    Test worker] org.hibernate.cfg.Environment            : HHH000206: hibernate.properties not found
2021-04-17 23:23:08.882  INFO 9960 --- [    Test worker] o.hibernate.annotations.common.Version   : HCANN000001: Hibernate Commons Annotations {5.0.4.Final}
2021-04-17 23:23:09.126  INFO 9960 --- [    Test worker] org.hibernate.dialect.Dialect            : HHH000400: Using dialect: org.hibernate.dialect.MySQL5InnoDBDialect
2021-04-17 23:23:09.899  INFO 9960 --- [    Test worker] o.h.t.schema.internal.SchemaCreatorImpl  : HHH000476: Executing import script 'org.hibernate.tool.schema.internal.exec.ScriptSourceInputNonExistentImpl@d15419f'
2021-04-17 23:23:09.905  INFO 9960 --- [    Test worker] j.LocalContainerEntityManagerFactoryBean : Initialized JPA EntityManagerFactory for persistence unit 'default'
2021-04-17 23:23:10.803  INFO 9960 --- [    Test worker] o.s.s.concurrent.ThreadPoolTaskExecutor  : Initializing ExecutorService 'applicationTaskExecutor'
2021-04-17 23:23:10.857  WARN 9960 --- [    Test worker] aWebConfiguration$JpaWebMvcConfiguration : spring.jpa.open-in-view is enabled by default. Therefore, database queries may be performed during view rendering. Explicitly configure spring.jpa.open-in-view to disable this warning
2021-04-17 23:23:11.313  INFO 9960 --- [    Test worker] o.s.b.w.embedded.tomcat.TomcatWebServer  : Tomcat started on port(s): 61533 (http) with context path ''
2021-04-17 23:23:11.315  INFO 9960 --- [    Test worker] c.c.p.s.web.PostsApiControllerTest       : Started PostsApiControllerTest in 5.815 seconds (JVM running for 6.874)
2021-04-17 23:23:11.569  INFO 9960 --- [o-auto-1-exec-1] o.a.c.c.C.[Tomcat].[localhost].[/]       : Initializing Spring DispatcherServlet 'dispatcherServlet'
2021-04-17 23:23:11.569  INFO 9960 --- [o-auto-1-exec-1] o.s.web.servlet.DispatcherServlet        : Initializing Servlet 'dispatcherServlet'
2021-04-17 23:23:11.586  INFO 9960 --- [o-auto-1-exec-1] o.s.web.servlet.DispatcherServlet        : Completed initialization in 17 ms
2021-04-17 23:23:11.790  INFO 9960 --- [    Test worker] o.h.h.i.QueryTranslatorFactoryInitiator  : HHH000397: Using ASTQueryTranslatorFactory
]]></system-out>
  <system-err><![CDATA[]]></system-err>
</testsuite>
